Build started 06/04/2012 03:08:22.
     1>Project "C:\Users\Will\documents\visual studio 2010\Projects\FileSender\FileReceiver\FileReceiver.vcxproj" on node 2 (build target(s)).
     1>InitializeBuildStatus:
         Creating "Debug\FileReceiver.unsuccessfulbuild" because "AlwaysCreate" was specified.
       ClCompile:
         c:\Program Files (x86)\Microsoft Visual Studio 10.0\VC\bin\CL.exe /c /ZI /nologo /W3 /WX- /Od /Oy- /D _MBCS /Gm /EHsc /RTC1 /MDd /GS /fp:precise /Zc:wchar_t /Zc:forScope /Fo"Debug\\" /Fd"Debug\vc100.pdb" /Gd /TP /analyze- /errorReport:prompt Receiver.cpp
         Receiver.cpp
       Link:
         c:\Program Files (x86)\Microsoft Visual Studio 10.0\VC\bin\link.exe /ERRORREPORT:PROMPT /OUT:"C:\Users\Will\documents\visual studio 2010\Projects\FileSender\Debug\FileReceiver.exe" /NOLOGO kernel32.lib user32.lib gdi32.lib winspool.lib comdlg32.lib advapi32.lib shell32.lib ole32.lib oleaut32.lib uuid.lib odbc32.lib odbccp32.lib Ws2_32.lib kernel32.lib user32.lib gdi32.lib winspool.lib comdlg32.lib advapi32.lib shell32.lib ole32.lib oleaut32.lib uuid.lib odbc32.lib odbccp32.lib /MANIFEST /ManifestFile:"Debug\FileReceiver.exe.intermediate.manifest" /MANIFESTUAC:"level='asInvoker' uiAccess='false'" /DEBUG /PDB:"C:\Users\Will\documents\visual studio 2010\Projects\FileSender\Debug\FileReceiver.pdb" /TLBID:1 /DYNAMICBASE /NXCOMPAT /IMPLIB:"C:\Users\Will\documents\visual studio 2010\Projects\FileSender\Debug\FileReceiver.lib" /MACHINE:X86 Debug\FileOutput.obj
         Debug\PacketList.obj
         Debug\Receiver.obj
         Debug\RecvNetwork.obj
         LINK : C:\Users\Will\documents\visual studio 2010\Projects\FileSender\Debug\FileReceiver.exe not found or not built by the last incremental link; performing full link
         FileReceiver.vcxproj -> C:\Users\Will\documents\visual studio 2010\Projects\FileSender\Debug\FileReceiver.exe
       Manifest:
         C:\Program Files (x86)\Microsoft SDKs\Windows\v7.0A\bin\mt.exe /nologo /verbose /outputresource:"C:\Users\Will\documents\visual studio 2010\Projects\FileSender\Debug\FileReceiver.exe;#1" /manifest Debug\FileReceiver.exe.intermediate.manifest
       FinalizeBuildStatus:
         Deleting file "Debug\FileReceiver.unsuccessfulbuild".
         Touching "Debug\FileReceiver.lastbuildstate".
     1>Done Building Project "C:\Users\Will\documents\visual studio 2010\Projects\FileSender\FileReceiver\FileReceiver.vcxproj" (build target(s)).

Build succeeded.

Time Elapsed 00:00:00.81
